Build started 2/22/2015 8:27:18 AM.
     1>Project "C:\Users\Aaether\Desktop\projectBabel\Project Babel\Project Babel\3D Adventures.vcxproj" on node 2 (Build target(s)).
     1>C:\Program Files (x86)\MSBuild\Microsoft.Cpp\v4.0\V120\Microsoft.CppBuild.targets(388,5): warning MSB8028: The intermediate directory (Debug\) contains files shared from another project (3D Adventures.vcxproj).  This can lead to incorrect clean and rebuild behavior.
     1>ClCompile:
         D:\Program Files (x86)\Microsoft Visual Studio 12.0\VC\bin\CL.exe /c /I"..\3D Adventures\\" /I..\..\Dependencies\include /ZI /nologo /W3 /WX- /sdl /Od /Oy- /D _CRT_SECURE_NO_WARNINGS /D _CRT_SECURE_NO_DEPRECATE /D _SCL_SECURE_NO_WARNINGS /D TIXML_USE_STL /D FREEGLUT_STATIC /D WIN32 /D _LIB /D FREEGLUT_LIB_PRAGMAS=0 /D DEBUG /D _DEBUG /D _MBCS /Gm /EHsc /RTC1 /MDd /GS /fp:precise /Zc:wchar_t /Zc:forScope /Fo"Debug\\" /Fd"Debug\vc120.pdb" /Gd /TP /analyze- /errorReport:prompt common\2d.cpp common\2d_math.cpp common\application.cpp common\controls.cpp common\shader.cpp common\sprite.cpp common\text2D.cpp common\texture.cpp common\text_render.cpp common\uniform_2d.cpp main.cpp
         main.cpp
     1>c:\users\aaether\desktop\projectbabel\project babel\project babel\common\2d_math.hpp(15): warning C4067: unexpected tokens following preprocessor directive - expected a newline
     1>c:\users\aaether\desktop\projectbabel\project babel\project babel\common\2d_math.hpp(41): warning C4244: 'argument' : conversion from 'double' to 'GLfloat', possible loss of data
         uniform_2d.cpp
         text_render.cpp
     1>c:\users\aaether\desktop\projectbabel\project babel\project babel\common\text_render.cpp(57): warning C4244: 'argument' : conversion from 'int' to 'GLfloat', possible loss of data
         texture.cpp
     1>c:\users\aaether\desktop\projectbabel\project babel\project babel\common\texture.cpp(64): warning C4244: '=' : conversion from 'GLfloat' to 'BYTE', possible loss of data
     1>c:\users\aaether\desktop\projectbabel\project babel\project babel\common\texture.cpp(65): warning C4244: '=' : conversion from 'GLfloat' to 'BYTE', possible loss of data
     1>c:\users\aaether\desktop\projectbabel\project babel\project babel\common\texture.cpp(66): warning C4244: '=' : conversion from 'GLfloat' to 'BYTE', possible loss of data
         text2D.cpp
     1>c:\users\aaether\desktop\projectbabel\project babel\project babel\common\text2d.cpp(45): warning C4018: '>' : signed/unsigned mismatch
     1>c:\users\aaether\desktop\projectbabel\project babel\project babel\common\text2d.cpp(48): warning C4018: '>' : signed/unsigned mismatch
         sprite.cpp
         shader.cpp
         controls.cpp
     1>c:\users\aaether\desktop\projectbabel\project babel\project babel\common\controls.cpp(76): warning C4244: 'argument' : conversion from 'GLdouble' to 'GLfloat', possible loss of data
     1>c:\users\aaether\desktop\projectbabel\project babel\project babel\common\controls.cpp(110): warning C4244: '=' : conversion from 'GLdouble' to 'GLfloat', possible loss of data
         application.cpp
     1>c:\users\aaether\desktop\projectbabel\project babel\project babel\common\2d_math.hpp(15): warning C4067: unexpected tokens following preprocessor directive - expected a newline
     1>c:\users\aaether\desktop\projectbabel\project babel\project babel\common\2d_math.hpp(41): warning C4244: 'argument' : conversion from 'double' to 'GLfloat', possible loss of data
         2d_math.cpp
     1>c:\users\aaether\desktop\projectbabel\project babel\project babel\common\2d_math.hpp(15): warning C4067: unexpected tokens following preprocessor directive - expected a newline
     1>c:\users\aaether\desktop\projectbabel\project babel\project babel\common\2d_math.hpp(41): warning C4244: 'argument' : conversion from 'double' to 'GLfloat', possible loss of data
         2d.cpp
     1>c:\users\aaether\desktop\projectbabel\project babel\project babel\common\2d_math.hpp(15): warning C4067: unexpected tokens following preprocessor directive - expected a newline
     1>c:\users\aaether\desktop\projectbabel\project babel\project babel\common\2d_math.hpp(41): warning C4244: 'argument' : conversion from 'double' to 'GLfloat', possible loss of data
     1>c:\users\aaether\desktop\projectbabel\project babel\project babel\common\2d.cpp(53): warning C4244: 'argument' : conversion from 'GLuint' to 'const GLfloat', possible loss of data
         Generating Code...
     1>c:\users\aaether\desktop\projectbabel\project babel\project babel\common\application.cpp(64): warning C4715: 'Application::Init' : not all control paths return a value
       Link:
         D:\Program Files (x86)\Microsoft Visual Studio 12.0\VC\bin\link.exe /ERRORREPORT:PROMPT /OUT:"C:\Users\Aaether\Desktop\projectBabel\Project Babel\Debug\Project Babel.exe" /INCREMENTAL /NOLOGO /LIBPATH:..\..\Dependencies\lib granny2.lib assimpd.lib FreeImaged.lib freetype.lib glfw3.lib glew32.lib glu32.lib opengl32.lib gdi32.lib winmm.lib user32.lib kernel32.lib user32.lib gdi32.lib winspool.lib comdlg32.lib advapi32.lib shell32.lib ole32.lib oleaut32.lib uuid.lib odbc32.lib odbccp32.lib /MANIFEST /MANIFESTUAC:"level='asInvoker' uiAccess='false'" /manifest:embed /DEBUG /PDB:"C:\Users\Aaether\Desktop\projectBabel\Project Babel\Debug\Project Babel.pdb" /SUBSYSTEM:CONSOLE /TLBID:1 /DYNAMICBASE /NXCOMPAT /IMPLIB:"C:\Users\Aaether\Desktop\projectBabel\Project Babel\Debug\Project Babel.lib" /MACHINE:X86 Debug\2d.obj
         Debug\2d_math.obj
         Debug\application.obj
         Debug\controls.obj
         Debug\shader.obj
         Debug\sprite.obj
         Debug\text2D.obj
         Debug\texture.obj
         Debug\text_render.obj
         Debug\uniform_2d.obj
         Debug\main.obj
     1>LINK : warning LNK4098: defaultlib 'LIBCMTD' conflicts with use of other libs; use /NODEFAULTLIB:library
     1>LINK : warning LNK4098: defaultlib 'MSVCRT' conflicts with use of other libs; use /NODEFAULTLIB:library
     1>freetype.lib(autofit.obj) : warning LNK4099: PDB 'vc120.pdb' was not found with 'freetype.lib(autofit.obj)' or at 'C:\Users\Aaether\Desktop\projectBabel\Project Babel\Debug\vc120.pdb'; linking object as if no debug info
     1>freetype.lib(bdf.obj) : warning LNK4099: PDB 'vc120.pdb' was not found with 'freetype.lib(bdf.obj)' or at 'C:\Users\Aaether\Desktop\projectBabel\Project Babel\Debug\vc120.pdb'; linking object as if no debug info
     1>freetype.lib(cff.obj) : warning LNK4099: PDB 'vc120.pdb' was not found with 'freetype.lib(cff.obj)' or at 'C:\Users\Aaether\Desktop\projectBabel\Project Babel\Debug\vc120.pdb'; linking object as if no debug info
     1>freetype.lib(ftbase.obj) : warning LNK4099: PDB 'vc120.pdb' was not found with 'freetype.lib(ftbase.obj)' or at 'C:\Users\Aaether\Desktop\projectBabel\Project Babel\Debug\vc120.pdb'; linking object as if no debug info
     1>freetype.lib(ftdebug.obj) : warning LNK4099: PDB 'vc120.pdb' was not found with 'freetype.lib(ftdebug.obj)' or at 'C:\Users\Aaether\Desktop\projectBabel\Project Babel\Debug\vc120.pdb'; linking object as if no debug info
     1>freetype.lib(ftgzip.obj) : warning LNK4099: PDB 'vc120.pdb' was not found with 'freetype.lib(ftgzip.obj)' or at 'C:\Users\Aaether\Desktop\projectBabel\Project Babel\Debug\vc120.pdb'; linking object as if no debug info
     1>freetype.lib(ftinit.obj) : warning LNK4099: PDB 'vc120.pdb' was not found with 'freetype.lib(ftinit.obj)' or at 'C:\Users\Aaether\Desktop\projectBabel\Project Babel\Debug\vc120.pdb'; linking object as if no debug info
     1>freetype.lib(ftlzw.obj) : warning LNK4099: PDB 'vc120.pdb' was not found with 'freetype.lib(ftlzw.obj)' or at 'C:\Users\Aaether\Desktop\projectBabel\Project Babel\Debug\vc120.pdb'; linking object as if no debug info
     1>freetype.lib(ftsystem.obj) : warning LNK4099: PDB 'vc120.pdb' was not found with 'freetype.lib(ftsystem.obj)' or at 'C:\Users\Aaether\Desktop\projectBabel\Project Babel\Debug\vc120.pdb'; linking object as if no debug info
     1>freetype.lib(smooth.obj) : warning LNK4099: PDB 'vc120.pdb' was not found with 'freetype.lib(smooth.obj)' or at 'C:\Users\Aaether\Desktop\projectBabel\Project Babel\Debug\vc120.pdb'; linking object as if no debug info
     1>freetype.lib(pcf.obj) : warning LNK4099: PDB 'vc120.pdb' was not found with 'freetype.lib(pcf.obj)' or at 'C:\Users\Aaether\Desktop\projectBabel\Project Babel\Debug\vc120.pdb'; linking object as if no debug info
     1>freetype.lib(pfr.obj) : warning LNK4099: PDB 'vc120.pdb' was not found with 'freetype.lib(pfr.obj)' or at 'C:\Users\Aaether\Desktop\projectBabel\Project Babel\Debug\vc120.pdb'; linking object as if no debug info
     1>freetype.lib(psaux.obj) : warning LNK4099: PDB 'vc120.pdb' was not found with 'freetype.lib(psaux.obj)' or at 'C:\Users\Aaether\Desktop\projectBabel\Project Babel\Debug\vc120.pdb'; linking object as if no debug info
     1>freetype.lib(pshinter.obj) : warning LNK4099: PDB 'vc120.pdb' was not found with 'freetype.lib(pshinter.obj)' or at 'C:\Users\Aaether\Desktop\projectBabel\Project Babel\Debug\vc120.pdb'; linking object as if no debug info
     1>freetype.lib(psmodule.obj) : warning LNK4099: PDB 'vc120.pdb' was not found with 'freetype.lib(psmodule.obj)' or at 'C:\Users\Aaether\Desktop\projectBabel\Project Babel\Debug\vc120.pdb'; linking object as if no debug info
     1>freetype.lib(raster.obj) : warning LNK4099: PDB 'vc120.pdb' was not found with 'freetype.lib(raster.obj)' or at 'C:\Users\Aaether\Desktop\projectBabel\Project Babel\Debug\vc120.pdb'; linking object as if no debug info
     1>freetype.lib(sfnt.obj) : warning LNK4099: PDB 'vc120.pdb' was not found with 'freetype.lib(sfnt.obj)' or at 'C:\Users\Aaether\Desktop\projectBabel\Project Babel\Debug\vc120.pdb'; linking object as if no debug info
     1>freetype.lib(truetype.obj) : warning LNK4099: PDB 'vc120.pdb' was not found with 'freetype.lib(truetype.obj)' or at 'C:\Users\Aaether\Desktop\projectBabel\Project Babel\Debug\vc120.pdb'; linking object as if no debug info
     1>freetype.lib(type1.obj) : warning LNK4099: PDB 'vc120.pdb' was not found with 'freetype.lib(type1.obj)' or at 'C:\Users\Aaether\Desktop\projectBabel\Project Babel\Debug\vc120.pdb'; linking object as if no debug info
     1>freetype.lib(type1cid.obj) : warning LNK4099: PDB 'vc120.pdb' was not found with 'freetype.lib(type1cid.obj)' or at 'C:\Users\Aaether\Desktop\projectBabel\Project Babel\Debug\vc120.pdb'; linking object as if no debug info
     1>freetype.lib(type42.obj) : warning LNK4099: PDB 'vc120.pdb' was not found with 'freetype.lib(type42.obj)' or at 'C:\Users\Aaether\Desktop\projectBabel\Project Babel\Debug\vc120.pdb'; linking object as if no debug info
     1>freetype.lib(winfnt.obj) : warning LNK4099: PDB 'vc120.pdb' was not found with 'freetype.lib(winfnt.obj)' or at 'C:\Users\Aaether\Desktop\projectBabel\Project Babel\Debug\vc120.pdb'; linking object as if no debug info
         3D Adventures.vcxproj -> C:\Users\Aaether\Desktop\projectBabel\Project Babel\Debug\Project Babel.exe
     1>Done Building Project "C:\Users\Aaether\Desktop\projectBabel\Project Babel\Project Babel\3D Adventures.vcxproj" (Build target(s)).

Build succeeded.

Time Elapsed 00:00:09.61
