Build started 3/8/2015 1:23:43 AM.
     1>Project "C:\Users\Aaether\Desktop\projectBabel\Project Babel\Project Babel\Project Babel.vcxproj" on node 2 (Build target(s)).
     1>C:\Program Files (x86)\MSBuild\Microsoft.Cpp\v4.0\V120\Microsoft.CppBuild.targets(364,5): warning MSB8004: Output Directory does not end with a trailing slash.  This build instance will add the slash as it is required to allow proper evaluation of the Output Directory.
     1>Link:
         D:\Program Files (x86)\Microsoft Visual Studio 12.0\VC\bin\link.exe /ERRORREPORT:PROMPT /OUT:"..\Wonderful App\Project Babel.exe" /INCREMENTAL /NOLOGO /LIBPATH:..\..\Dependencies\lib RocketDebugger.lib RocketControls.lib RocketCore.lib FreeImaged.lib freetype.lib glfw3.lib glew32.lib glu32.lib opengl32.lib SQLite.lib gdi32.lib winmm.lib user32.lib kernel32.lib user32.lib gdi32.lib winspool.lib comdlg32.lib advapi32.lib shell32.lib ole32.lib oleaut32.lib uuid.lib odbc32.lib odbccp32.lib /MANIFEST /MANIFESTUAC:"level='asInvoker' uiAccess='false'" /manifest:embed /DEBUG /PDB:"..\Wonderful App\Project Babel.pdb" /SUBSYSTEM:CONSOLE /TLBID:1 /DYNAMICBASE /NXCOMPAT /IMPLIB:"..\Wonderful App\Project Babel.lib" /MACHINE:X86 Debug\Combat.obj
         Debug\2d.obj
         Debug\2d_math.obj
         Debug\application.obj
         Debug\controls.obj
         Debug\dice.obj
         Debug\font_manager.obj
         Debug\game_object.obj
         Debug\map.obj
         Debug\movement.obj
         Debug\player.obj
         Debug\room.obj
         Debug\scroller.obj
         Debug\shader.obj
         Debug\sprite.obj
         Debug\sprite_manager.obj
         Debug\text2D.obj
         Debug\texture.obj
         Debug\text_render.obj
         Debug\tile_map.obj
         Debug\uniform_2d.obj
         Debug\main.obj
     1>LINK : warning LNK4098: defaultlib 'LIBCMTD' conflicts with use of other libs; use /NODEFAULTLIB:library
     1>LINK : warning LNK4098: defaultlib 'MSVCRT' conflicts with use of other libs; use /NODEFAULTLIB:library
     1>map.obj : error LNK2019: unresolved external symbol "private: void __thiscall Map::AddTunnel(struct glm::detail::tvec2<int>,struct glm::detail::tvec2<int>)" (?AddTunnel@Map@@AAEXU?$tvec2@H@detail@glm@@0@Z) referenced in function "private: void __thiscall Map::GenerateContent(void)" (?GenerateContent@Map@@AAEXXZ)
     1>..\Wonderful App\Project Babel.exe : fatal error LNK1120: 1 unresolved externals
     1>Done Building Project "C:\Users\Aaether\Desktop\projectBabel\Project Babel\Project Babel\Project Babel.vcxproj" (Build target(s)) -- FAILED.

Build FAILED.

Time Elapsed 00:00:00.57
